****mks**** evalexpr.scm 2>&1
expr: 3
value: 3.0

expr: 1/2
value: 0.5

expr: (+ (* 3 4) (* 5 6))
value: 42.0

expr: (+ (^ e (* i pi)) 1)
value: 0.0+1.2246467991473532e-16i

expr: (/ zero zero)
value: +nan.0

expr: (/ one zero)
value: +inf.0

*functions*:
    ^: #<procedure:expt>
    /: #<procedure:/>
    sqrt: #<procedure:sqrt>
    +: #<procedure:+>
    *: #<procedure:*>
    -: #<procedure:->

*variables*:
    e: 2.718281828459045
    i: 0+1i
    pi: 3.141592653589793
    zero: 0
    one: 1

****status: 0x0000

